android/app/build/intermediates/manifest_merge_blame_file/release/manifest-merger-blame-release-report.txt
1<?xml version="1.0" encoding="utf-8"?>
2<manifest xmlns:android="http://schemas.android.com/apk/res/android"
3    package="com.raemobile"
4    android:versionCode="2"
5    android:versionName="3.0" >
6
7    <uses-sdk
8        android:minSdkVersion="21"
8-->src/main/AndroidManifest.xml
9        android:targetSdkVersion="31" />
9-->src/main/AndroidManifest.xml
10
11    <uses-permission android:name="android.permission.INTERNET" />
11-->src/main/AndroidManifest.xml:4:5-67
11-->src/main/AndroidManifest.xml:4:22-64
12    <uses-permission android:name="android.permission.VIBRATE" />
12-->src/main/AndroidManifest.xml:5:5-65
12-->src/main/AndroidManifest.xml:5:22-63
13    <uses-permission android:name="android.permission.WAKE_LOCK" />
13-->[:react-native-firebase_auth] AndroidManifest.xml:10:5-68
13-->[:react-native-firebase_auth] AndroidManifest.xml:10:22-65
14    <uses-permission android:name="android.permission.ACCESS_NETWORK_STATE" />
14-->[:react-native-firebase_auth] AndroidManifest.xml:11:5-79
14-->[:react-native-firebase_auth] AndroidManifest.xml:11:22-76
15    <uses-permission android:name="android.permission.CAMERA" />
15-->[:react-native-camera] AndroidManifest.xml:9:5-65
15-->[:react-native-camera] AndroidManifest.xml:9:22-62
16
17    <uses-feature
17-->[:react-native-camera] AndroidManifest.xml:11:5-13:36
18        android:name="android.hardware.camera"
18-->[:react-native-camera] AndroidManifest.xml:12:9-47
19        android:required="false" />
19-->[:react-native-camera] AndroidManifest.xml:13:9-33
20    <uses-feature
20-->[:react-native-camera] AndroidManifest.xml:14:5-16:36
21        android:name="android.hardware.camera.autofocus"
21-->[:react-native-camera] AndroidManifest.xml:15:9-57
22        android:required="false" />
22-->[:react-native-camera] AndroidManifest.xml:16:9-33
23
24    <application
24-->src/main/AndroidManifest.xml:7:5-26:19
25        android:name="com.raemobile.MainApplication"
25-->src/main/AndroidManifest.xml:8:7-38
26        android:allowBackup="false"
26-->src/main/AndroidManifest.xml:12:7-34
27        android:appComponentFactory="androidx.core.app.CoreComponentFactory"
27-->[androidx.core:core:1.5.0] AndroidManifest.xml:24:18-86
28        android:icon="@mipmap/ic_launcher"
28-->src/main/AndroidManifest.xml:10:7-41
29        android:label="@string/app_name"
29-->src/main/AndroidManifest.xml:9:7-39
30        android:roundIcon="@mipmap/ic_launcher_round"
30-->src/main/AndroidManifest.xml:11:7-52
31        android:theme="@style/AppTheme" >
31-->src/main/AndroidManifest.xml:13:7-38
32        <activity
32-->src/main/AndroidManifest.xml:14:7-25:18
33            android:name="com.raemobile.MainActivity"
33-->src/main/AndroidManifest.xml:15:9-37
34            android:configChanges="keyboard|keyboardHidden|orientation|screenLayout|screenSize|smallestScreenSize|uiMode"
34-->src/main/AndroidManifest.xml:17:9-118
35            android:exported="true"
35-->src/main/AndroidManifest.xml:20:9-32
36            android:label="@string/app_name"
36-->src/main/AndroidManifest.xml:16:9-41
37            android:launchMode="singleTask"
37-->src/main/AndroidManifest.xml:18:9-40
38            android:windowSoftInputMode="adjustResize" >
38-->src/main/AndroidManifest.xml:19:9-51
39            <intent-filter>
39-->src/main/AndroidManifest.xml:21:9-24:25
40                <action android:name="android.intent.action.MAIN" />
40-->src/main/AndroidManifest.xml:22:13-65
40-->src/main/AndroidManifest.xml:22:21-62
41
42                <category android:name="android.intent.category.LAUNCHER" />
42-->src/main/AndroidManifest.xml:23:13-73
42-->src/main/AndroidManifest.xml:23:23-70
43            </intent-filter>
44        </activity>
45
46        <meta-data
46-->[:react-native-firebase_app] AndroidManifest.xml:11:9-13:36
47            android:name="app_data_collection_default_enabled"
47-->[:react-native-firebase_app] AndroidManifest.xml:12:13-63
48            android:value="true" />
48-->[:react-native-firebase_app] AndroidManifest.xml:13:13-33
49
50        <service
50-->[:react-native-firebase_app] AndroidManifest.xml:15:9-23:19
51            android:name="com.google.firebase.components.ComponentDiscoveryService"
51-->[:react-native-firebase_app] AndroidManifest.xml:16:13-84
52            android:directBootAware="true"
52-->[:react-native-firebase_app] AndroidManifest.xml:17:13-43
53            android:exported="false" >
53-->[:react-native-firebase_app] AndroidManifest.xml:18:13-37
54            <meta-data
54-->[:react-native-firebase_app] AndroidManifest.xml:20:13-22:85
55                android:name="com.google.firebase.components:io.invertase.firebase.app.ReactNativeFirebaseAppRegistrar"
55-->[:react-native-firebase_app] AndroidManifest.xml:21:17-120
56                android:value="com.google.firebase.components.ComponentRegistrar" />
56-->[:react-native-firebase_app] AndroidManifest.xml:22:17-82
57            <meta-data
57-->[com.google.firebase:firebase-auth:21.0.5] AndroidManifest.xml:67:13-69:85
58                android:name="com.google.firebase.components:com.google.firebase.auth.FirebaseAuthRegistrar"
58-->[com.google.firebase:firebase-auth:21.0.5] AndroidManifest.xml:68:17-109
59                android:value="com.google.firebase.components.ComponentRegistrar" />
59-->[com.google.firebase:firebase-auth:21.0.5] AndroidManifest.xml:69:17-82
60            <meta-data
60-->[com.google.firebase:firebase-storage:20.0.1] AndroidManifest.xml:33:13-35:85
61                android:name="com.google.firebase.components:com.google.firebase.storage.StorageRegistrar"
61-->[com.google.firebase:firebase-storage:20.0.1] AndroidManifest.xml:34:17-107
62                android:value="com.google.firebase.components.ComponentRegistrar" />
62-->[com.google.firebase:firebase-storage:20.0.1] AndroidManifest.xml:35:17-82
63        </service>
64
65        <provider
65-->[:react-native-firebase_app] AndroidManifest.xml:25:9-29:38
66            android:name="io.invertase.firebase.app.ReactNativeFirebaseAppInitProvider"
66-->[:react-native-firebase_app] AndroidManifest.xml:26:13-88
67            android:authorities="com.raemobile.reactnativefirebaseappinitprovider"
67-->[:react-native-firebase_app] AndroidManifest.xml:27:13-86
68            android:exported="false"
68-->[:react-native-firebase_app] AndroidManifest.xml:28:13-37
69            android:initOrder="99" />
69-->[:react-native-firebase_app] AndroidManifest.xml:29:13-35
70
71        <activity
71-->[com.google.firebase:firebase-auth:21.0.5] AndroidManifest.xml:27:9-44:20
72            android:name="com.google.firebase.auth.internal.GenericIdpActivity"
72-->[com.google.firebase:firebase-auth:21.0.5] AndroidManifest.xml:28:13-80
73            android:excludeFromRecents="true"
73-->[com.google.firebase:firebase-auth:21.0.5] AndroidManifest.xml:29:13-46
74            android:exported="true"
74-->[com.google.firebase:firebase-auth:21.0.5] AndroidManifest.xml:30:13-36
75            android:launchMode="singleTask"
75-->[com.google.firebase:firebase-auth:21.0.5] AndroidManifest.xml:31:13-44
76            android:theme="@android:style/Theme.Translucent.NoTitleBar" >
76-->[com.google.firebase:firebase-auth:21.0.5] AndroidManifest.xml:32:13-72
77            <intent-filter>
77-->[com.google.firebase:firebase-auth:21.0.5] AndroidManifest.xml:33:13-43:29
78                <action android:name="android.intent.action.VIEW" />
78-->[com.google.firebase:firebase-auth:21.0.5] AndroidManifest.xml:34:17-69
78-->[com.google.firebase:firebase-auth:21.0.5] AndroidManifest.xml:34:25-66
79
80                <category android:name="android.intent.category.DEFAULT" />
80-->[com.google.firebase:firebase-auth:21.0.5] AndroidManifest.xml:36:17-76
80-->[com.google.firebase:firebase-auth:21.0.5] AndroidManifest.xml:36:27-73
81                <category android:name="android.intent.category.BROWSABLE" />
81-->[com.google.firebase:firebase-auth:21.0.5] AndroidManifest.xml:37:17-78
81-->[com.google.firebase:firebase-auth:21.0.5] AndroidManifest.xml:37:27-75
82
83                <data
83-->[com.google.firebase:firebase-auth:21.0.5] AndroidManifest.xml:39:17-42:51
84                    android:host="firebase.auth"
84-->[com.google.firebase:firebase-auth:21.0.5] AndroidManifest.xml:40:21-49
85                    android:path="/"
85-->[com.google.firebase:firebase-auth:21.0.5] AndroidManifest.xml:41:21-37
86                    android:scheme="genericidp" />
86-->[com.google.firebase:firebase-auth:21.0.5] AndroidManifest.xml:42:21-48
87            </intent-filter>
88        </activity>
89        <activity
89-->[com.google.firebase:firebase-auth:21.0.5] AndroidManifest.xml:45:9-62:20
90            android:name="com.google.firebase.auth.internal.RecaptchaActivity"
90-->[com.google.firebase:firebase-auth:21.0.5] AndroidManifest.xml:46:13-79
91            android:excludeFromRecents="true"
91-->[com.google.firebase:firebase-auth:21.0.5] AndroidManifest.xml:47:13-46
92            android:exported="true"
92-->[com.google.firebase:firebase-auth:21.0.5] AndroidManifest.xml:48:13-36
93            android:launchMode="singleTask"
93-->[com.google.firebase:firebase-auth:21.0.5] AndroidManifest.xml:49:13-44
94            android:theme="@android:style/Theme.Translucent.NoTitleBar" >
94-->[com.google.firebase:firebase-auth:21.0.5] AndroidManifest.xml:50:13-72
95            <intent-filter>
95-->[com.google.firebase:firebase-auth:21.0.5] AndroidManifest.xml:51:13-61:29
96                <action android:name="android.intent.action.VIEW" />
96-->[com.google.firebase:firebase-auth:21.0.5] AndroidManifest.xml:34:17-69
96-->[com.google.firebase:firebase-auth:21.0.5] AndroidManifest.xml:34:25-66
97
98                <category android:name="android.intent.category.DEFAULT" />
98-->[com.google.firebase:firebase-auth:21.0.5] AndroidManifest.xml:36:17-76
98-->[com.google.firebase:firebase-auth:21.0.5] AndroidManifest.xml:36:27-73
99                <category android:name="android.intent.category.BROWSABLE" />
99-->[com.google.firebase:firebase-auth:21.0.5] AndroidManifest.xml:37:17-78
99-->[com.google.firebase:firebase-auth:21.0.5] AndroidManifest.xml:37:27-75
100
101                <data
101-->[com.google.firebase:firebase-auth:21.0.5] AndroidManifest.xml:39:17-42:51
102                    android:host="firebase.auth"
102-->[com.google.firebase:firebase-auth:21.0.5] AndroidManifest.xml:40:21-49
103                    android:path="/"
103-->[com.google.firebase:firebase-auth:21.0.5] AndroidManifest.xml:41:21-37
104                    android:scheme="recaptcha" />
104-->[com.google.firebase:firebase-auth:21.0.5] AndroidManifest.xml:42:21-48
105            </intent-filter>
106        </activity>
107
108        <service
108-->[com.google.android.gms:play-services-mlkit-barcode-scanning:16.2.0] AndroidManifest.xml:9:9-15:19
109            android:name="com.google.mlkit.common.internal.MlKitComponentDiscoveryService"
109-->[com.google.android.gms:play-services-mlkit-barcode-scanning:16.2.0] AndroidManifest.xml:10:13-91
110            android:directBootAware="true"
110-->[com.google.mlkit:common:17.2.0] AndroidManifest.xml:17:13-43
111            android:exported="false" >
111-->[com.google.android.gms:play-services-mlkit-barcode-scanning:16.2.0] AndroidManifest.xml:11:13-37
112            <meta-data
112-->[com.google.android.gms:play-services-mlkit-barcode-scanning:16.2.0] AndroidManifest.xml:12:13-14:85
113                android:name="com.google.firebase.components:com.google.mlkit.vision.barcode.internal.BarcodeRegistrar"
113-->[com.google.android.gms:play-services-mlkit-barcode-scanning:16.2.0] AndroidManifest.xml:13:17-120
114                android:value="com.google.firebase.components.ComponentRegistrar" />
114-->[com.google.android.gms:play-services-mlkit-barcode-scanning:16.2.0] AndroidManifest.xml:14:17-82
115            <meta-data
115-->[com.google.android.gms:play-services-mlkit-face-detection:16.2.0] AndroidManifest.xml:12:13-14:85
116                android:name="com.google.firebase.components:com.google.mlkit.vision.face.internal.FaceRegistrar"
116-->[com.google.android.gms:play-services-mlkit-face-detection:16.2.0] AndroidManifest.xml:13:17-114
117                android:value="com.google.firebase.components.ComponentRegistrar" />
117-->[com.google.android.gms:play-services-mlkit-face-detection:16.2.0] AndroidManifest.xml:14:17-82
118            <meta-data
118-->[com.google.android.gms:play-services-mlkit-text-recognition:16.3.0] AndroidManifest.xml:12:13-14:85
119                android:name="com.google.firebase.components:com.google.mlkit.vision.text.internal.TextRegistrar"
119-->[com.google.android.gms:play-services-mlkit-text-recognition:16.3.0] AndroidManifest.xml:13:17-114
120                android:value="com.google.firebase.components.ComponentRegistrar" />
120-->[com.google.android.gms:play-services-mlkit-text-recognition:16.3.0] AndroidManifest.xml:14:17-82
121            <meta-data
121-->[com.google.mlkit:vision-common:16.5.0] AndroidManifest.xml:12:13-14:85
122                android:name="com.google.firebase.components:com.google.mlkit.vision.common.internal.VisionCommonRegistrar"
122-->[com.google.mlkit:vision-common:16.5.0] AndroidManifest.xml:13:17-124
123                android:value="com.google.firebase.components.ComponentRegistrar" />
123-->[com.google.mlkit:vision-common:16.5.0] AndroidManifest.xml:14:17-82
124            <meta-data
124-->[com.google.mlkit:common:17.2.0] AndroidManifest.xml:20:13-22:85
125                android:name="com.google.firebase.components:com.google.mlkit.common.internal.CommonComponentRegistrar"
125-->[com.google.mlkit:common:17.2.0] AndroidManifest.xml:21:17-120
126                android:value="com.google.firebase.components.ComponentRegistrar" />
126-->[com.google.mlkit:common:17.2.0] AndroidManifest.xml:22:17-82
127        </service>
128
129        <provider
129-->[com.google.mlkit:common:17.2.0] AndroidManifest.xml:9:9-13:38
130            android:name="com.google.mlkit.common.internal.MlKitInitProvider"
130-->[com.google.mlkit:common:17.2.0] AndroidManifest.xml:10:13-78
131            android:authorities="com.raemobile.mlkitinitprovider"
131-->[com.google.mlkit:common:17.2.0] AndroidManifest.xml:11:13-69
132            android:exported="false"
132-->[com.google.mlkit:common:17.2.0] AndroidManifest.xml:12:13-37
133            android:initOrder="99" />
133-->[com.google.mlkit:common:17.2.0] AndroidManifest.xml:13:13-35
134
135        <service
135-->[com.google.android.datatransport:transport-backend-cct:2.3.3] AndroidManifest.xml:29:9-35:19
136            android:name="com.google.android.datatransport.runtime.backends.TransportBackendDiscovery"
136-->[com.google.android.datatransport:transport-backend-cct:2.3.3] AndroidManifest.xml:30:13-103
137            android:exported="false" >
137-->[com.google.android.datatransport:transport-backend-cct:2.3.3] AndroidManifest.xml:31:13-37
138            <meta-data
138-->[com.google.android.datatransport:transport-backend-cct:2.3.3] AndroidManifest.xml:32:13-34:39
139                android:name="backend:com.google.android.datatransport.cct.CctBackendFactory"
139-->[com.google.android.datatransport:transport-backend-cct:2.3.3] AndroidManifest.xml:33:17-94
140                android:value="cct" />
140-->[com.google.android.datatransport:transport-backend-cct:2.3.3] AndroidManifest.xml:34:17-36
141        </service>
142
143        <provider
143-->[com.google.firebase:firebase-common:20.1.1] AndroidManifest.xml:26:9-31:39
144            android:name="com.google.firebase.provider.FirebaseInitProvider"
144-->[com.google.firebase:firebase-common:20.1.1] AndroidManifest.xml:27:13-77
145            android:authorities="com.raemobile.firebaseinitprovider"
145-->[com.google.firebase:firebase-common:20.1.1] AndroidManifest.xml:28:13-72
146            android:directBootAware="true"
146-->[com.google.firebase:firebase-common:20.1.1] AndroidManifest.xml:29:13-43
147            android:exported="false"
147-->[com.google.firebase:firebase-common:20.1.1] AndroidManifest.xml:30:13-37
148            android:initOrder="100" />
148-->[com.google.firebase:firebase-common:20.1.1] AndroidManifest.xml:31:13-36
149
150        <service
150-->[com.google.android.datatransport:transport-runtime:2.2.6] AndroidManifest.xml:26:9-30:19
151            android:name="com.google.android.datatransport.runtime.scheduling.jobscheduling.JobInfoSchedulerService"
151-->[com.google.android.datatransport:transport-runtime:2.2.6] AndroidManifest.xml:27:13-117
152            android:exported="false"
152-->[com.google.android.datatransport:transport-runtime:2.2.6] AndroidManifest.xml:28:13-37
153            android:permission="android.permission.BIND_JOB_SERVICE" >
153-->[com.google.android.datatransport:transport-runtime:2.2.6] AndroidManifest.xml:29:13-69
154        </service>
155
156        <receiver
156-->[com.google.android.datatransport:transport-runtime:2.2.6] AndroidManifest.xml:32:9-34:40
157            android:name="com.google.android.datatransport.runtime.scheduling.jobscheduling.AlarmManagerSchedulerBroadcastReceiver"
157-->[com.google.android.datatransport:transport-runtime:2.2.6] AndroidManifest.xml:33:13-132
158            android:exported="false" />
158-->[com.google.android.datatransport:transport-runtime:2.2.6] AndroidManifest.xml:34:13-37
159
160        <activity
160-->[com.google.android.gms:play-services-auth:20.2.0] AndroidManifest.xml:23:9-27:75
161            android:name="com.google.android.gms.auth.api.signin.internal.SignInHubActivity"
161-->[com.google.android.gms:play-services-auth:20.2.0] AndroidManifest.xml:24:13-93
162            android:excludeFromRecents="true"
162-->[com.google.android.gms:play-services-auth:20.2.0] AndroidManifest.xml:25:13-46
163            android:exported="false"
163-->[com.google.android.gms:play-services-auth:20.2.0] AndroidManifest.xml:26:13-37
164            android:theme="@android:style/Theme.Translucent.NoTitleBar" />
164-->[com.google.android.gms:play-services-auth:20.2.0] AndroidManifest.xml:27:13-72
165        <!--
166            Service handling Google Sign-In user revocation. For apps that do not integrate with
167            Google Sign-In, this service will never be started.
168        -->
169        <service
169-->[com.google.android.gms:play-services-auth:20.2.0] AndroidManifest.xml:33:9-37:51
170            android:name="com.google.android.gms.auth.api.signin.RevocationBoundService"
170-->[com.google.android.gms:play-services-auth:20.2.0] AndroidManifest.xml:34:13-89
171            android:exported="true"
171-->[com.google.android.gms:play-services-auth:20.2.0] AndroidManifest.xml:35:13-36
172            android:permission="com.google.android.gms.auth.api.signin.permission.REVOCATION_NOTIFICATION"
172-->[com.google.android.gms:play-services-auth:20.2.0] AndroidManifest.xml:36:13-107
173            android:visibleToInstantApps="true" />
173-->[com.google.android.gms:play-services-auth:20.2.0] AndroidManifest.xml:37:13-48
174
175        <activity
175-->[com.google.android.gms:play-services-base:18.0.1] AndroidManifest.xml:20:9-22:45
176            android:name="com.google.android.gms.common.api.GoogleApiActivity"
176-->[com.google.android.gms:play-services-base:18.0.1] AndroidManifest.xml:20:19-85
177            android:exported="false"
177-->[com.google.android.gms:play-services-base:18.0.1] AndroidManifest.xml:22:19-43
178            android:theme="@android:style/Theme.Translucent.NoTitleBar" />
178-->[com.google.android.gms:play-services-base:18.0.1] AndroidManifest.xml:21:19-78
179
180        <meta-data
180-->[com.google.android.gms:play-services-basement:18.0.0] AndroidManifest.xml:21:9-23:69
181            android:name="com.google.android.gms.version"
181-->[com.google.android.gms:play-services-basement:18.0.0] AndroidManifest.xml:22:13-58
182            android:value="@integer/google_play_services_version" />
182-->[com.google.android.gms:play-services-basement:18.0.0] AndroidManifest.xml:23:13-66
183    </application>
184
185</manifest>